#! /c/Source/iverilog-install/bin/vvp
:ivl_version "12.0 (devel)" "(s20150603-1110-g18392a46)";
:ivl_delay_selection "TYPICAL";
:vpi_time_precision + 0;
:vpi_module "C:\iverilog\lib\ivl\system.vpi";
:vpi_module "C:\iverilog\lib\ivl\vhdl_sys.vpi";
:vpi_module "C:\iverilog\lib\ivl\vhdl_textio.vpi";
:vpi_module "C:\iverilog\lib\ivl\v2005_math.vpi";
:vpi_module "C:\iverilog\lib\ivl\va_math.vpi";
S_000002a2e21a6370 .scope module, "vsdserializer_v1" "vsdserializer_v1" 2 1;
 .timescale 0 0;
    .port_info 0 /INPUT 1 "clk";
    .port_info 1 /INPUT 1 "load";
    .port_info 2 /INPUT 10 "INPUT";
    .port_info 3 /OUTPUT 1 "OUTPUT";
o000002a2e20b6fd8 .functor BUFZ 10, C4<zzzzzzzzzz>; HiZ drive
v000002a2e21a6500_0 .net "INPUT", 9 0, o000002a2e20b6fd8;  0 drivers
v000002a2e21a65a0_0 .var "OUTPUT", 0 0;
o000002a2e20b7038 .functor BUFZ 1, C4<z>; HiZ drive
v000002a2e21a6640_0 .net "clk", 0 0, o000002a2e20b7038;  0 drivers
o000002a2e20b7068 .functor BUFZ 1, C4<z>; HiZ drive
v000002a2e21ad9f0_0 .net "load", 0 0, o000002a2e20b7068;  0 drivers
v000002a2e21ada90_0 .var "tmp", 9 0;
E_000002a2e21a9460 .event posedge, v000002a2e21a6640_0;
    .scope S_000002a2e21a6370;
T_0 ;
    %wait E_000002a2e21a9460;
    %load/vec4 v000002a2e21ad9f0_0;
    %flag_set/vec4 8;
    %jmp/0xz  T_0.0, 8;
    %load/vec4 v000002a2e21a6500_0;
    %assign/vec4 v000002a2e21ada90_0, 0;
    %jmp T_0.1;
T_0.0 ;
    %load/vec4 v000002a2e21ada90_0;
    %parti/s 1, 9, 5;
    %assign/vec4 v000002a2e21a65a0_0, 0;
    %load/vec4 v000002a2e21ada90_0;
    %parti/s 9, 0, 2;
    %concati/vec4 0, 0, 1;
    %store/vec4 v000002a2e21ada90_0, 0, 10;
T_0.1 ;
    %jmp T_0;
    .thread T_0;
# The file index is used to find the file name in the following table.
:file_names 3;
    "N/A";
    "<interactive>";
    "vsdserializer_v1.v";
